<?xml version="1.0" encoding="UTF-8"?>
<!-- Generated by org.testng.reporters.JUnitReportReporter -->
<testsuite hostname="EPUAKYIW2878" name="com.hotline.tests.SignUpTest" tests="1" failures="0" timestamp="15 Mar 2018 10:02:49 GMT" time="9.948" errors="0">
  <testcase name="signUpTest" time="9.948" classname="com.hotline.tests.SignUpTest"/>
</testsuite> <!-- com.hotline.tests.SignUpTest -->
