<?xml version="1.0" encoding="UTF-8"?>
<!-- Generated by org.testng.reporters.JUnitReportReporter -->
<testsuite hostname="EPUAKYIW2878" name="com.hotline.tests.SignUpTest" tests="1" failures="0" timestamp="28 Feb 2018 15:29:14 GMT" time="9.039" errors="0">
  <testcase name="signUpTest" time="9.039" classname="com.hotline.tests.SignUpTest"/>
</testsuite> <!-- com.hotline.tests.SignUpTest -->
