<?xml version="1.0" encoding="UTF-8"?>
<!-- Generated by org.testng.reporters.JUnitReportReporter -->
<testsuite hostname="EPUAKYIW2878" name="com.hotline.tests.LoginTest" tests="1" failures="0" timestamp="15 Mar 2018 10:02:49 GMT" time="8.628" errors="0">
  <testcase name="loginTest" time="8.628" classname="com.hotline.tests.LoginTest"/>
</testsuite> <!-- com.hotline.tests.LoginTest -->
