<?xml version="1.0" encoding="UTF-8"?>
<!-- Generated by org.testng.reporters.JUnitReportReporter -->
<testsuite hostname="EPUAKYIW2878" name="com.hotline.tests.LoginTest" tests="1" failures="0" timestamp="28 Feb 2018 15:29:14 GMT" time="8.186" errors="0">
  <testcase name="loginTest" time="8.186" classname="com.hotline.tests.LoginTest"/>
</testsuite> <!-- com.hotline.tests.LoginTest -->
